<?xml version="1.0" encoding="UTF-8"?>
<!-- Generated by org.testng.reporters.JUnitXMLReporter -->
<testsuite hostname="DESKTOP-2UJHBIB" ignored="0" name="Test" tests="10" failures="2" timestamp="2021-07-14T00:54:37 IST" time="0.223" errors="0">
  <testcase name="Tc1" time="0.025" classname="TestScript.TestCaseOne">
    <skipped/>
  </testcase> <!-- Tc1 -->
  <testcase name="Tc1" time="0.008" classname="TestScript.TestCaseOne">
    <skipped/>
  </testcase> <!-- Tc1 -->
  <testcase name="Tc1" time="0.003" classname="TestScript.TestCaseOne">
    <skipped/>
  </testcase> <!-- Tc1 -->
  <testcase name="Tc1" time="0.003" classname="TestScript.TestCaseOne">
    <failure type="junit.framework.AssertionFailedError" message="expected:&amp;lt;200&amp;gt; but was:&amp;lt;21&amp;gt;">
      <![CDATA[junit.framework.AssertionFailedError: expected:<200> but was:<21>
at junit.framework.Assert.fail(Assert.java:57)
at junit.framework.Assert.failNotEquals(Assert.java:329)
at junit.framework.Assert.assertEquals(Assert.java:78)
at junit.framework.Assert.assertEquals(Assert.java:234)
at junit.framework.Assert.assertEquals(Assert.java:241)
at TestScript.TestCaseOne.Tc1(TestCaseOne.java:10)
at java.util.ArrayList.forEach(ArrayList.java:1249)
... Removed 27 stack frames]]>
    </failure>
  </testcase> <!-- Tc1 -->
  <testcase name="Tc2" time="0.002" classname="TestScript.TestCaseOne"/>
  <testcase name="Tc3" time="0.004" classname="TestScript.TestCaseOne"/>
  <testcase name="Tc4" time="0.002" classname="TestScript.TestCaseOne">
    <skipped/>
  </testcase> <!-- Tc4 -->
  <testcase name="Tc4" time="0.002" classname="TestScript.TestCaseOne">
    <skipped/>
  </testcase> <!-- Tc4 -->
  <testcase name="Tc4" time="0.013" classname="TestScript.TestCaseOne">
    <skipped/>
  </testcase> <!-- Tc4 -->
  <testcase name="Tc4" time="0.006" classname="TestScript.TestCaseOne">
    <failure type="junit.framework.AssertionFailedError" message="expected:&amp;lt;200&amp;gt; but was:&amp;lt;20&amp;gt;">
      <![CDATA[junit.framework.AssertionFailedError: expected:<200> but was:<20>
at junit.framework.Assert.fail(Assert.java:57)
at junit.framework.Assert.failNotEquals(Assert.java:329)
at junit.framework.Assert.assertEquals(Assert.java:78)
at junit.framework.Assert.assertEquals(Assert.java:234)
at junit.framework.Assert.assertEquals(Assert.java:241)
at TestScript.TestCaseOne.Tc4(TestCaseOne.java:22)
at java.util.ArrayList.forEach(ArrayList.java:1249)
... Removed 27 stack frames]]>
    </failure>
  </testcase> <!-- Tc4 -->
</testsuite> <!-- Test -->
